2001.01.19 10:05 B C:\min\temp\f1\f1eng\board\sapdsboard\pds_icon\bat.gif <-- messenger21 /hnb/f1/f1eng/board/sapdsboard/pds_icon bat.gif
2001.01.19 10:05 B C:\min\temp\f1\f1eng\board\sapdsboard\pds_icon\bmp.gif <-- messenger21 /hnb/f1/f1eng/board/sapdsboard/pds_icon bmp.gif
2001.01.19 10:05 B C:\min\temp\f1\f1eng\board\sapdsboard\pds_icon\com.gif <-- messenger21 /hnb/f1/f1eng/board/sapdsboard/pds_icon com.gif
2001.01.19 10:05 B C:\min\temp\f1\f1eng\board\sapdsboard\pds_icon\default.gif <-- messenger21 /hnb/f1/f1eng/board/sapdsboard/pds_icon default.gif
2001.01.19 10:05 B C:\min\temp\f1\f1eng\board\sapdsboard\pds_icon\device.gif <-- messenger21 /hnb/f1/f1eng/board/sapdsboard/pds_icon device.gif
2001.01.19 10:05 B C:\min\temp\f1\f1eng\board\sapdsboard\pds_icon\doc.gif <-- messenger21 /hnb/f1/f1eng/board/sapdsboard/pds_icon doc.gif
2001.01.19 10:05 B C:\min\temp\f1\f1eng\board\sapdsboard\pds_icon\eml.gif <-- messenger21 /hnb/f1/f1eng/board/sapdsboard/pds_icon eml.gif
2001.01.19 10:05 B C:\min\temp\f1\f1eng\board\sapdsboard\pds_icon\exe.gif <-- messenger21 /hnb/f1/f1eng/board/sapdsboard/pds_icon exe.gif
2001.01.19 10:05 B C:\min\temp\f1\f1eng\board\sapdsboard\pds_icon\gif.gif <-- messenger21 /hnb/f1/f1eng/board/sapdsboard/pds_icon gif.gif
2001.01.19 10:05 B C:\min\temp\f1\f1eng\board\sapdsboard\pds_icon\hwp.gif <-- messenger21 /hnb/f1/f1eng/board/sapdsboard/pds_icon hwp.gif
2001.01.19 10:05 B C:\min\temp\f1\f1eng\board\sapdsboard\pds_icon\image.gif <-- messenger21 /hnb/f1/f1eng/board/sapdsboard/pds_icon image.gif
2001.01.19 10:05 B C:\min\temp\f1\f1eng\board\sapdsboard\pds_icon\jpg.gif <-- messenger21 /hnb/f1/f1eng/board/sapdsboard/pds_icon jpg.gif
2001.01.19 10:05 B C:\min\temp\f1\f1eng\board\sapdsboard\pds_icon\mfiles.gif <-- messenger21 /hnb/f1/f1eng/board/sapdsboard/pds_icon mfiles.gif
2001.01.19 10:05 B C:\min\temp\f1\f1eng\board\sapdsboard\pds_icon\movie.gif <-- messenger21 /hnb/f1/f1eng/board/sapdsboard/pds_icon movie.gif
2001.01.19 10:05 B C:\min\temp\f1\f1eng\board\sapdsboard\pds_icon\mp3.gif <-- messenger21 /hnb/f1/f1eng/board/sapdsboard/pds_icon mp3.gif
2001.01.19 10:05 B C:\min\temp\f1\f1eng\board\sapdsboard\pds_icon\pcx.gif <-- messenger21 /hnb/f1/f1eng/board/sapdsboard/pds_icon pcx.gif
2001.01.19 10:05 B C:\min\temp\f1\f1eng\board\sapdsboard\pds_icon\png.gif <-- messenger21 /hnb/f1/f1eng/board/sapdsboard/pds_icon png.gif
2001.01.19 10:05 B C:\min\temp\f1\f1eng\board\sapdsboard\pds_icon\ppt.gif <-- messenger21 /hnb/f1/f1eng/board/sapdsboard/pds_icon ppt.gif
2001.01.19 10:05 B C:\min\temp\f1\f1eng\board\sapdsboard\pds_icon\ra.gif <-- messenger21 /hnb/f1/f1eng/board/sapdsboard/pds_icon ra.gif
2001.01.19 10:05 B C:\min\temp\f1\f1eng\board\sapdsboard\pds_icon\rar.gif <-- messenger21 /hnb/f1/f1eng/board/sapdsboard/pds_icon rar.gif
2001.01.19 10:05 B C:\min\temp\f1\f1eng\board\sapdsboard\pds_icon\sound.gif <-- messenger21 /hnb/f1/f1eng/board/sapdsboard/pds_icon sound.gif
2001.01.19 10:05 B C:\min\temp\f1\f1eng\board\sapdsboard\pds_icon\text.gif <-- messenger21 /hnb/f1/f1eng/board/sapdsboard/pds_icon text.gif
2001.01.19 10:05 B C:\min\temp\f1\f1eng\board\sapdsboard\pds_icon\txt.gif <-- messenger21 /hnb/f1/f1eng/board/sapdsboard/pds_icon txt.gif
2001.01.19 10:05 B C:\min\temp\f1\f1eng\board\sapdsboard\pds_icon\unknown.gif <-- messenger21 /hnb/f1/f1eng/board/sapdsboard/pds_icon unknown.gif
2001.01.19 10:05 B C:\min\temp\f1\f1eng\board\sapdsboard\pds_icon\url.gif <-- messenger21 /hnb/f1/f1eng/board/sapdsboard/pds_icon url.gif
2001.01.19 10:05 B C:\min\temp\f1\f1eng\board\sapdsboard\pds_icon\wav.gif <-- messenger21 /hnb/f1/f1eng/board/sapdsboard/pds_icon wav.gif
2001.01.19 10:05 B C:\min\temp\f1\f1eng\board\sapdsboard\pds_icon\xls.gif <-- messenger21 /hnb/f1/f1eng/board/sapdsboard/pds_icon xls.gif
2001.01.19 10:05 B C:\min\temp\f1\f1eng\board\sapdsboard\pds_icon\zip.gif <-- messenger21 /hnb/f1/f1eng/board/sapdsboard/pds_icon zip.gif
